[20:40:17] [ServerMain/ERROR]: [EntrypointUtil] de/miraculixx/veinminer/VeinminerLoader has been compiled by a more recent version of the Java Runtime (class file version 65.0), this version of the Java Runtime only recognizes class file versions up to 61.0
java.lang.UnsupportedClassVersionError: de/miraculixx/veinminer/VeinminerLoader has been compiled by a more recent version of the Java Runtime (class file version 65.0), this version of the Java Runtime only recognizes class file versions up to 61.0
	at java.lang.ClassLoader.defineClass1(Native Method) ~[?:?]
	at java.lang.ClassLoader.defineClass(ClassLoader.java:1017) ~[?:?]
	at java.security.SecureClassLoader.defineClass(SecureClassLoader.java:150) ~[?:?]
	at io.papermc.paper.plugin.entrypoint.classloader.PaperSimplePluginClassLoader.findClass(PaperSimplePluginClassLoader.java:103) ~[paper-1.20.1.jar:git-Paper-196]
	at java.lang.ClassLoader.loadClass(ClassLoader.java:592) ~[?:?]
	at java.lang.ClassLoader.loadClass(ClassLoader.java:525) ~[?:?]
	at java.lang.Class.forName0(Native Method) ~[?:?]
	at java.lang.Class.forName(Class.java:467) ~[?:?]
	at io.papermc.paper.plugin.provider.util.ProviderUtil.loadClass(ProviderUtil.java:51) ~[paper-api-1.20.1-R0.1-SNAPSHOT.jar:?]
	at io.papermc.paper.plugin.provider.util.ProviderUtil.loadClass(ProviderUtil.java:29) ~[paper-api-1.20.1-R0.1-SNAPSHOT.jar:?]
	at io.papermc.paper.plugin.provider.type.paper.PaperPluginProviderFactory.build(PaperPluginProviderFactory.java:37) ~[paper-1.20.1.jar:git-Paper-196]
	at io.papermc.paper.plugin.provider.type.paper.PaperPluginProviderFactory.build(PaperPluginProviderFactory.java:23) ~[paper-1.20.1.jar:git-Paper-196]
	at io.papermc.paper.plugin.provider.type.PluginFileType.register(PluginFileType.java:71) ~[paper-1.20.1.jar:git-Paper-196]
	at io.papermc.paper.plugin.provider.source.FileProviderSource.registerProviders(FileProviderSource.java:57) ~[paper-1.20.1.jar:git-Paper-196]
	at io.papermc.paper.plugin.provider.source.DirectoryProviderSource.lambda$registerProviders$1(DirectoryProviderSource.java:34) ~[paper-1.20.1.jar:git-Paper-196]
	at java.util.stream.ForEachOps$ForEachOp$OfRef.accept(ForEachOps.java:183) ~[?:?]
	at java.util.stream.ReferencePipeline$2$1.accept(ReferencePipeline.java:179) ~[?:?]
	at java.util.stream.ReferencePipeline$3$1.accept(ReferencePipeline.java:197) ~[?:?]
	at java.util.Iterator.forEachRemaining(Iterator.java:133) ~[?:?]
	at java.util.Spliterators$IteratorSpliterator.forEachRemaining(Spliterators.java:1845) ~[?:?]
	at java.util.stream.AbstractPipeline.copyInto(AbstractPipeline.java:509) ~[?:?]
	at java.util.stream.AbstractPipeline.wrapAndCopyInto(AbstractPipeline.java:499) ~[?:?]
	at java.util.stream.ForEachOps$ForEachOp.evaluateSequential(ForEachOps.java:150) ~[?:?]
	at java.util.stream.ForEachOps$ForEachOp$OfRef.evaluateSequential(ForEachOps.java:173) ~[?:?]
	at java.util.stream.AbstractPipeline.evaluate(AbstractPipeline.java:234) ~[?:?]
	at java.util.stream.ReferencePipeline.forEach(ReferencePipeline.java:596) ~[?:?]
	at io.papermc.paper.plugin.provider.source.DirectoryProviderSource.registerProviders(DirectoryProviderSource.java:32) ~[paper-1.20.1.jar:git-Paper-196]
	at io.papermc.paper.plugin.provider.source.DirectoryProviderSource.registerProviders(DirectoryProviderSource.java:14) ~[paper-1.20.1.jar:git-Paper-196]
	at io.papermc.paper.plugin.util.EntrypointUtil.registerProvidersFromSource(EntrypointUtil.java:14) ~[paper-1.20.1.jar:git-Paper-196]
	at io.papermc.paper.plugin.PluginInitializerManager.load(PluginInitializerManager.java:100) ~[paper-1.20.1.jar:git-Paper-196]
	at net.minecraft.server.Main.main(Main.java:137) ~[paper-1.20.1.jar:git-Paper-196]
	at org.bukkit.craftbukkit.Main.main(Main.java:324) ~[paper-1.20.1.jar:git-Paper-196]
	at io.papermc.paperclip.Paperclip.lambda$main$0(Paperclip.java:42) ~[app:?]
	at java.lang.Thread.run(Thread.java:840) ~[?:?]
[20:40:24] [ServerMain/INFO]: Environment: authHost='https://authserver.mojang.com', accountsHost='https://api.mojang.com', sessionHost='https://sessionserver.mojang.com', servicesHost='https://api.minecraftservices.com', name='PROD'
[20:40:27] [ServerMain/INFO]: Loaded 7 recipes
[20:40:27] [Server thread/INFO]: Starting minecraft server version 1.20.1
[20:40:27] [Server thread/INFO]: Loading properties
[20:40:28] [Server thread/INFO]: This server is running Paper version git-Paper-196 (MC: 1.20.1) (Implementing API version 1.20.1-R0.1-SNAPSHOT) (Git: 773dd72)
[20:40:28] [Server thread/INFO]: Server Ping Player Sample Count: 12
[20:40:28] [Server thread/INFO]: Using 4 threads for Netty based IO
[20:40:29] [Server thread/WARN]: [!] The timings profiler has been enabled but has been scheduled for removal from Paper in the future.
    We recommend installing the spark profiler as a replacement: https://spark.lucko.me/
    For more information please visit: https://github.com/PaperMC/Paper/issues/8948
[20:40:29] [Server thread/INFO]: [ChunkTaskScheduler] Chunk system is using 1 I/O threads, 1 worker threads, and gen parallelism of 1 threads
[20:40:29] [Server thread/INFO]: Default game type: SURVIVAL
[20:40:29] [Server thread/INFO]: Generating keypair
[20:40:30] [Server thread/INFO]: Starting Minecraft server on *:25565
[20:40:30] [Server thread/INFO]: Using epoll channel type
[20:40:30] [Server thread/INFO]: Paper: Using libdeflate (Linux x86_64) compression from Velocity.
[20:40:30] [Server thread/INFO]: Paper: Using OpenSSL 1.1.x (Linux x86_64) cipher from Velocity.
[20:40:30] [Server thread/INFO]: [SpigotLibraryLoader] [xaero-map-spigot] Loading 1 libraries... please wait
[20:40:30] [Server thread/INFO]: [SpigotLibraryLoader] Downloading https://repo.maven.apache.org/maven2/org/bstats/bstats-bukkit/3.0.0/bstats-bukkit-3.0.0.pom
[20:40:30] [Server thread/INFO]: [SpigotLibraryLoader] Downloading https://repo.maven.apache.org/maven2/org/bstats/bstats-base/3.0.0/bstats-base-3.0.0.pom
[20:40:30] [BasicRepositoryConnector-repo.maven.apache.org-0-0/INFO]: [SpigotLibraryLoader] Downloading https://repo.maven.apache.org/maven2/org/bstats/bstats-bukkit/3.0.0/bstats-bukkit-3.0.0.jar
[20:40:30] [BasicRepositoryConnector-repo.maven.apache.org-0-1/INFO]: [SpigotLibraryLoader] Downloading https://repo.maven.apache.org/maven2/org/bstats/bstats-base/3.0.0/bstats-base-3.0.0.jar
[20:40:30] [Server thread/INFO]: [SpigotLibraryLoader] [xaero-map-spigot] Loaded library /workspaces/CP2234/servidor_minecraft/libraries/org/bstats/bstats-bukkit/3.0.0/bstats-bukkit-3.0.0.jar
[20:40:30] [Server thread/INFO]: [SpigotLibraryLoader] [xaero-map-spigot] Loaded library /workspaces/CP2234/servidor_minecraft/libraries/org/bstats/bstats-base/3.0.0/bstats-base-3.0.0.jar
[20:40:30] [Server thread/INFO]: [xaero-map-spigot] Loading server plugin xaero-map-spigot v1.0.0
[20:40:30] [Server thread/INFO]: Server permissions file permissions.yml is empty, ignoring it
[20:40:30] [Server thread/INFO]: [xaero-map-spigot] Enabling xaero-map-spigot v1.0.0
[20:40:31] [Server thread/WARN]: **** SERVER IS RUNNING IN OFFLINE/INSECURE MODE!
[20:40:31] [Server thread/WARN]: The server will make no attempt to authenticate usernames. Beware.
[20:40:31] [Server thread/WARN]: While this makes the game possible to play without internet access, it also opens up the ability for hackers to connect with any username they choose.
[20:40:31] [Server thread/WARN]: To change this, set "online-mode" to "true" in the server.properties file.
[20:40:31] [Server thread/INFO]: Preparing level "world"
[20:40:31] [Server thread/INFO]: Preparing start region for dimension minecraft:overworld
[20:40:32] [Server thread/INFO]: Time elapsed: 448 ms
[20:40:32] [Server thread/INFO]: Preparing start region for dimension minecraft:the_nether
[20:40:32] [Server thread/INFO]: Time elapsed: 207 ms
[20:40:32] [Server thread/INFO]: Preparing start region for dimension minecraft:the_end
[20:40:32] [Server thread/INFO]: Time elapsed: 166 ms
[20:40:32] [Server thread/INFO]: Running delayed init tasks
[20:40:32] [Server thread/INFO]: Done (4.976s)! For help, type "help"
[20:40:32] [Server thread/INFO]: Timings Reset
[20:40:48] [User Authenticator #0/INFO]: UUID of player Thecno662 is 51c6605e-fef0-332c-b142-018c70039a3e
[20:40:48] [Server thread/INFO]: Thecno662 joined the game
[20:40:48] [Server thread/INFO]: Thecno662[/127.164.105.21:46841] logged in with entity id 244 at ([world]1.5, 64.0, 1.5)
[20:41:17] [User Authenticator #0/INFO]: UUID of player Rumo_fr3 is dab09bce-3dc7-3b5b-b6dc-89822d5101b6
[20:41:17] [Server thread/INFO]: Rumo_fr3 joined the game
[20:41:17] [Server thread/INFO]: Rumo_fr3[/127.103.1.35:33669] logged in with entity id 415 at ([world]3.5, 64.0, -2.5)
[20:41:17] [Server thread/INFO]: Made Thecno662 a server operator
[20:42:39] [Server thread/INFO]: Thecno662 issued server command: /scoreboard objectives add Hearts health
[20:42:39] [Server thread/INFO]: [Thecno662: Created new objective [Hearts]]
[20:42:59] [Server thread/INFO]: Thecno662 issued server command: /scoreboard objectives setdisplay list Hearts
[20:42:59] [Server thread/INFO]: [Thecno662: Set display slot list to show objective Hearts]
[20:43:14] [Server thread/INFO]: Thecno662 issued server command: /reload
[20:43:14] [Server thread/INFO]: Thecno662: Are you sure you wish to reload your server? Doing so may cause bugs and memory leaks. It is recommended to restart instead of using /reload. To confirm, please type /reload confirm
[20:43:27] [Server thread/INFO]: Thecno662 issued server command: /reload confirm
[20:43:27] [Server thread/INFO]: Thecno662: Please note that this command is not supported and may cause issues when using some plugins.
[20:43:27] [Server thread/INFO]: Thecno662: If you encounter any issues please use the /stop command to restart your server.
[20:43:27] [Server thread/INFO]: Server Ping Player Sample Count: 12
[20:43:27] [Server thread/INFO]: Using 4 threads for Netty based IO
[20:43:27] [Server thread/INFO]: [xaero-map-spigot] Disabling xaero-map-spigot v1.0.0
[20:43:27] [Server thread/INFO]: Loaded 7 recipes
[20:43:28] [Server thread/ERROR]: [EntrypointUtil] de/miraculixx/veinminer/VeinminerLoader has been compiled by a more recent version of the Java Runtime (class file version 65.0), this version of the Java Runtime only recognizes class file versions up to 61.0
java.lang.UnsupportedClassVersionError: de/miraculixx/veinminer/VeinminerLoader has been compiled by a more recent version of the Java Runtime (class file version 65.0), this version of the Java Runtime only recognizes class file versions up to 61.0
	at java.lang.ClassLoader.defineClass1(Native Method) ~[?:?]
	at java.lang.ClassLoader.defineClass(ClassLoader.java:1017) ~[?:?]
	at java.security.SecureClassLoader.defineClass(SecureClassLoader.java:150) ~[?:?]
	at io.papermc.paper.plugin.entrypoint.classloader.PaperSimplePluginClassLoader.findClass(PaperSimplePluginClassLoader.java:103) ~[paper-1.20.1.jar:git-Paper-196]
	at java.lang.ClassLoader.loadClass(ClassLoader.java:592) ~[?:?]
	at java.lang.ClassLoader.loadClass(ClassLoader.java:525) ~[?:?]
	at java.lang.Class.forName0(Native Method) ~[?:?]
	at java.lang.Class.forName(Class.java:467) ~[?:?]
	at io.papermc.paper.plugin.provider.util.ProviderUtil.loadClass(ProviderUtil.java:51) ~[paper-api-1.20.1-R0.1-SNAPSHOT.jar:?]
	at io.papermc.paper.plugin.provider.util.ProviderUtil.loadClass(ProviderUtil.java:29) ~[paper-api-1.20.1-R0.1-SNAPSHOT.jar:?]
	at io.papermc.paper.plugin.provider.type.paper.PaperPluginProviderFactory.build(PaperPluginProviderFactory.java:37) ~[paper-1.20.1.jar:git-Paper-196]
	at io.papermc.paper.plugin.provider.type.paper.PaperPluginProviderFactory.build(PaperPluginProviderFactory.java:23) ~[paper-1.20.1.jar:git-Paper-196]
	at io.papermc.paper.plugin.provider.type.PluginFileType.register(PluginFileType.java:71) ~[paper-1.20.1.jar:git-Paper-196]
	at io.papermc.paper.plugin.provider.source.FileProviderSource.registerProviders(FileProviderSource.java:57) ~[paper-1.20.1.jar:git-Paper-196]
	at io.papermc.paper.plugin.provider.source.DirectoryProviderSource.lambda$registerProviders$1(DirectoryProviderSource.java:34) ~[paper-1.20.1.jar:git-Paper-196]
	at java.util.stream.ForEachOps$ForEachOp$OfRef.accept(ForEachOps.java:183) ~[?:?]
	at java.util.stream.ReferencePipeline$2$1.accept(ReferencePipeline.java:179) ~[?:?]
	at java.util.stream.ReferencePipeline$3$1.accept(ReferencePipeline.java:197) ~[?:?]
	at java.util.Iterator.forEachRemaining(Iterator.java:133) ~[?:?]
	at java.util.Spliterators$IteratorSpliterator.forEachRemaining(Spliterators.java:1845) ~[?:?]
	at java.util.stream.AbstractPipeline.copyInto(AbstractPipeline.java:509) ~[?:?]
	at java.util.stream.AbstractPipeline.wrapAndCopyInto(AbstractPipeline.java:499) ~[?:?]
	at java.util.stream.ForEachOps$ForEachOp.evaluateSequential(ForEachOps.java:150) ~[?:?]
	at java.util.stream.ForEachOps$ForEachOp$OfRef.evaluateSequential(ForEachOps.java:173) ~[?:?]
	at java.util.stream.AbstractPipeline.evaluate(AbstractPipeline.java:234) ~[?:?]
	at java.util.stream.ReferencePipeline.forEach(ReferencePipeline.java:596) ~[?:?]
	at io.papermc.paper.plugin.provider.source.DirectoryProviderSource.registerProviders(DirectoryProviderSource.java:32) ~[paper-1.20.1.jar:git-Paper-196]
	at io.papermc.paper.plugin.provider.source.DirectoryProviderSource.registerProviders(DirectoryProviderSource.java:14) ~[paper-1.20.1.jar:git-Paper-196]
	at io.papermc.paper.plugin.util.EntrypointUtil.registerProvidersFromSource(EntrypointUtil.java:14) ~[paper-1.20.1.jar:git-Paper-196]
	at io.papermc.paper.plugin.PluginInitializerManager.load(PluginInitializerManager.java:100) ~[paper-1.20.1.jar:git-Paper-196]
	at io.papermc.paper.plugin.PluginInitializerManager.reload(PluginInitializerManager.java:112) ~[paper-1.20.1.jar:git-Paper-196]
	at org.bukkit.craftbukkit.v1_20_R1.CraftServer.reload(CraftServer.java:1094) ~[paper-1.20.1.jar:git-Paper-196]
	at org.bukkit.Bukkit.reload(Bukkit.java:993) ~[paper-api-1.20.1-R0.1-SNAPSHOT.jar:?]
	at org.bukkit.command.defaults.ReloadCommand.execute(ReloadCommand.java:54) ~[paper-api-1.20.1-R0.1-SNAPSHOT.jar:?]
	at org.bukkit.command.SimpleCommandMap.dispatch(SimpleCommandMap.java:155) ~[paper-api-1.20.1-R0.1-SNAPSHOT.jar:?]
	at org.bukkit.craftbukkit.v1_20_R1.CraftServer.dispatchCommand(CraftServer.java:987) ~[paper-1.20.1.jar:git-Paper-196]
	at org.bukkit.craftbukkit.v1_20_R1.command.BukkitCommandWrapper.run(BukkitCommandWrapper.java:64) ~[paper-1.20.1.jar:git-Paper-196]
	at com.mojang.brigadier.CommandDispatcher.execute(CommandDispatcher.java:265) ~[paper-1.20.1.jar:?]
	at net.minecraft.commands.Commands.performCommand(Commands.java:324) ~[?:?]
	at net.minecraft.commands.Commands.performCommand(Commands.java:308) ~[?:?]
	at net.minecraft.server.network.ServerGamePacketListenerImpl.performChatCommand(ServerGamePacketListenerImpl.java:2354) ~[?:?]
	at net.minecraft.server.network.ServerGamePacketListenerImpl.lambda$handleChatCommand$21(ServerGamePacketListenerImpl.java:2314) ~[?:?]
	at net.minecraft.util.thread.BlockableEventLoop.lambda$submitAsync$0(BlockableEventLoop.java:59) ~[?:?]
	at java.util.concurrent.CompletableFuture$AsyncSupply.run(CompletableFuture.java:1768) ~[?:?]
	at net.minecraft.server.TickTask.run(TickTask.java:18) ~[paper-1.20.1.jar:git-Paper-196]
	at net.minecraft.util.thread.BlockableEventLoop.doRunTask(BlockableEventLoop.java:153) ~[?:?]
	at net.minecraft.util.thread.ReentrantBlockableEventLoop.doRunTask(ReentrantBlockableEventLoop.java:24) ~[?:?]
	at net.minecraft.server.MinecraftServer.doRunTask(MinecraftServer.java:1338) ~[paper-1.20.1.jar:git-Paper-196]
	at net.minecraft.server.MinecraftServer.d(MinecraftServer.java:197) ~[paper-1.20.1.jar:git-Paper-196]
	at net.minecraft.util.thread.BlockableEventLoop.pollTask(BlockableEventLoop.java:126) ~[?:?]
	at net.minecraft.server.MinecraftServer.pollTaskInternal(MinecraftServer.java:1315) ~[paper-1.20.1.jar:git-Paper-196]
	at net.minecraft.server.MinecraftServer.pollTask(MinecraftServer.java:1308) ~[paper-1.20.1.jar:git-Paper-196]
	at net.minecraft.util.thread.BlockableEventLoop.managedBlock(BlockableEventLoop.java:136) ~[?:?]
	at net.minecraft.server.MinecraftServer.waitUntilNextTick(MinecraftServer.java:1286) ~[paper-1.20.1.jar:git-Paper-196]
	at net.minecraft.server.MinecraftServer.runServer(MinecraftServer.java:1174) ~[paper-1.20.1.jar:git-Paper-196]
	at net.minecraft.server.MinecraftServer.lambda$spin$0(MinecraftServer.java:317) ~[paper-1.20.1.jar:git-Paper-196]
	at java.lang.Thread.run(Thread.java:840) ~[?:?]
[20:43:28] [Server thread/INFO]: [SpigotLibraryLoader] [xaero-map-spigot] Loading 1 libraries... please wait
[20:43:28] [Server thread/INFO]: [SpigotLibraryLoader] [xaero-map-spigot] Loaded library /workspaces/CP2234/servidor_minecraft/libraries/org/bstats/bstats-bukkit/3.0.0/bstats-bukkit-3.0.0.jar
[20:43:28] [Server thread/INFO]: [SpigotLibraryLoader] [xaero-map-spigot] Loaded library /workspaces/CP2234/servidor_minecraft/libraries/org/bstats/bstats-base/3.0.0/bstats-base-3.0.0.jar
[20:43:28] [Server thread/INFO]: [xaero-map-spigot] Loading server plugin xaero-map-spigot v1.0.0
[20:43:28] [Server thread/INFO]: Server permissions file permissions.yml is empty, ignoring it
[20:43:28] [Server thread/INFO]: [xaero-map-spigot] Enabling xaero-map-spigot v1.0.0
[20:43:28] [Server thread/INFO]: Thecno662: Reload complete.
[20:43:28] [Server thread/INFO]: Timings Reset
[20:43:48] [Server thread/INFO]: Thecno662 issued server command: /setworldspawn
[20:43:48] [Server thread/INFO]: [Thecno662: Set the world spawn point to -38, 69, 14 [0.0]]
[20:45:17] [Server thread/INFO]: Thecno662 issued server command: /team add Admin
[20:45:17] [Server thread/INFO]: [Thecno662: Created team [Admin]]
[20:45:34] [Server thread/INFO]: Thecno662 issued server command: /team add Peruvians
[20:45:34] [Server thread/INFO]: [Thecno662: Created team [Peruvians]]
[20:45:40] [Server thread/INFO]: Thecno662 issued server command: /team join Admin
[20:45:40] [Server thread/INFO]: [Thecno662: Added Thecno662 to team [Admin]]
[20:47:59] [Async Chat Thread - #1/INFO]: [Not Secure] <Rumo_fr3> 2
[20:48:53] [Server thread/INFO]: Thecno662 issued server command: /team modify Admin prefix {"text":"[Admin] ","color":"dark_red"}
[20:49:41] [Server thread/INFO]: Thecno662 issued server command: /team modify Peruvians prefix {"text":"[Peruvians] ","color":"gold"}
[20:49:45] [Server thread/INFO]: Thecno662 issued server command: /time set day
[20:49:45] [Server thread/INFO]: [[Admin] Thecno662: Set the time to 1000]
[20:49:53] [Server thread/INFO]: Thecno662 issued server command: /team join Admin
[20:49:53] [Server thread/INFO]: [[Admin] Thecno662: Added Thecno662 to team [Admin]]
[20:49:58] [Async Chat Thread - #2/INFO]: [Not Secure] <Thecno662> hola
[20:50:17] [Server thread/INFO]: Thecno662 issued server command: /team join Admin
[20:50:17] [Server thread/INFO]: [[Admin] Thecno662: Added Thecno662 to team [Admin]]
[20:50:51] [Server thread/INFO]: Thecno662 issued server command: /team modify Admin prefix {"text":"[Staff] ","color":"dark_red"}
[20:50:57] [Server thread/INFO]: Thecno662 issued server command: /reload
[20:50:57] [Server thread/INFO]: Thecno662: Are you sure you wish to reload your server? Doing so may cause bugs and memory leaks. It is recommended to restart instead of using /reload. To confirm, please type /reload confirm
[20:51:02] [Server thread/INFO]: Thecno662 issued server command: /reload confirm
[20:51:02] [Server thread/INFO]: Thecno662: Please note that this command is not supported and may cause issues when using some plugins.
[20:51:02] [Server thread/INFO]: Thecno662: If you encounter any issues please use the /stop command to restart your server.
[20:51:02] [Server thread/INFO]: Server Ping Player Sample Count: 12
[20:51:02] [Server thread/INFO]: Using 4 threads for Netty based IO
[20:51:02] [Server thread/INFO]: [xaero-map-spigot] Disabling xaero-map-spigot v1.0.0
[20:51:02] [Server thread/INFO]: Loaded 7 recipes
[20:51:03] [Server thread/ERROR]: [EntrypointUtil] de/miraculixx/veinminer/VeinminerLoader has been compiled by a more recent version of the Java Runtime (class file version 65.0), this version of the Java Runtime only recognizes class file versions up to 61.0
java.lang.UnsupportedClassVersionError: de/miraculixx/veinminer/VeinminerLoader has been compiled by a more recent version of the Java Runtime (class file version 65.0), this version of the Java Runtime only recognizes class file versions up to 61.0
	at java.lang.ClassLoader.defineClass1(Native Method) ~[?:?]
	at java.lang.ClassLoader.defineClass(ClassLoader.java:1017) ~[?:?]
	at java.security.SecureClassLoader.defineClass(SecureClassLoader.java:150) ~[?:?]
	at io.papermc.paper.plugin.entrypoint.classloader.PaperSimplePluginClassLoader.findClass(PaperSimplePluginClassLoader.java:103) ~[paper-1.20.1.jar:git-Paper-196]
	at java.lang.ClassLoader.loadClass(ClassLoader.java:592) ~[?:?]
	at java.lang.ClassLoader.loadClass(ClassLoader.java:525) ~[?:?]
	at java.lang.Class.forName0(Native Method) ~[?:?]
	at java.lang.Class.forName(Class.java:467) ~[?:?]
	at io.papermc.paper.plugin.provider.util.ProviderUtil.loadClass(ProviderUtil.java:51) ~[paper-api-1.20.1-R0.1-SNAPSHOT.jar:?]
	at io.papermc.paper.plugin.provider.util.ProviderUtil.loadClass(ProviderUtil.java:29) ~[paper-api-1.20.1-R0.1-SNAPSHOT.jar:?]
	at io.papermc.paper.plugin.provider.type.paper.PaperPluginProviderFactory.build(PaperPluginProviderFactory.java:37) ~[paper-1.20.1.jar:git-Paper-196]
	at io.papermc.paper.plugin.provider.type.paper.PaperPluginProviderFactory.build(PaperPluginProviderFactory.java:23) ~[paper-1.20.1.jar:git-Paper-196]
	at io.papermc.paper.plugin.provider.type.PluginFileType.register(PluginFileType.java:71) ~[paper-1.20.1.jar:git-Paper-196]
	at io.papermc.paper.plugin.provider.source.FileProviderSource.registerProviders(FileProviderSource.java:57) ~[paper-1.20.1.jar:git-Paper-196]
	at io.papermc.paper.plugin.provider.source.DirectoryProviderSource.lambda$registerProviders$1(DirectoryProviderSource.java:34) ~[paper-1.20.1.jar:git-Paper-196]
	at java.util.stream.ForEachOps$ForEachOp$OfRef.accept(ForEachOps.java:183) ~[?:?]
	at java.util.stream.ReferencePipeline$2$1.accept(ReferencePipeline.java:179) ~[?:?]
	at java.util.stream.ReferencePipeline$3$1.accept(ReferencePipeline.java:197) ~[?:?]
	at java.util.Iterator.forEachRemaining(Iterator.java:133) ~[?:?]
	at java.util.Spliterators$IteratorSpliterator.forEachRemaining(Spliterators.java:1845) ~[?:?]
	at java.util.stream.AbstractPipeline.copyInto(AbstractPipeline.java:509) ~[?:?]
	at java.util.stream.AbstractPipeline.wrapAndCopyInto(AbstractPipeline.java:499) ~[?:?]
	at java.util.stream.ForEachOps$ForEachOp.evaluateSequential(ForEachOps.java:150) ~[?:?]
	at java.util.stream.ForEachOps$ForEachOp$OfRef.evaluateSequential(ForEachOps.java:173) ~[?:?]
	at java.util.stream.AbstractPipeline.evaluate(AbstractPipeline.java:234) ~[?:?]
	at java.util.stream.ReferencePipeline.forEach(ReferencePipeline.java:596) ~[?:?]
	at io.papermc.paper.plugin.provider.source.DirectoryProviderSource.registerProviders(DirectoryProviderSource.java:32) ~[paper-1.20.1.jar:git-Paper-196]
	at io.papermc.paper.plugin.provider.source.DirectoryProviderSource.registerProviders(DirectoryProviderSource.java:14) ~[paper-1.20.1.jar:git-Paper-196]
	at io.papermc.paper.plugin.util.EntrypointUtil.registerProvidersFromSource(EntrypointUtil.java:14) ~[paper-1.20.1.jar:git-Paper-196]
	at io.papermc.paper.plugin.PluginInitializerManager.load(PluginInitializerManager.java:100) ~[paper-1.20.1.jar:git-Paper-196]
	at io.papermc.paper.plugin.PluginInitializerManager.reload(PluginInitializerManager.java:112) ~[paper-1.20.1.jar:git-Paper-196]
	at org.bukkit.craftbukkit.v1_20_R1.CraftServer.reload(CraftServer.java:1094) ~[paper-1.20.1.jar:git-Paper-196]
	at org.bukkit.Bukkit.reload(Bukkit.java:993) ~[paper-api-1.20.1-R0.1-SNAPSHOT.jar:?]
	at org.bukkit.command.defaults.ReloadCommand.execute(ReloadCommand.java:54) ~[paper-api-1.20.1-R0.1-SNAPSHOT.jar:?]
	at org.bukkit.command.SimpleCommandMap.dispatch(SimpleCommandMap.java:155) ~[paper-api-1.20.1-R0.1-SNAPSHOT.jar:?]
	at org.bukkit.craftbukkit.v1_20_R1.CraftServer.dispatchCommand(CraftServer.java:987) ~[paper-1.20.1.jar:git-Paper-196]
	at org.bukkit.craftbukkit.v1_20_R1.command.BukkitCommandWrapper.run(BukkitCommandWrapper.java:64) ~[paper-1.20.1.jar:git-Paper-196]
	at com.mojang.brigadier.CommandDispatcher.execute(CommandDispatcher.java:265) ~[paper-1.20.1.jar:?]
	at net.minecraft.commands.Commands.performCommand(Commands.java:324) ~[?:?]
	at net.minecraft.commands.Commands.performCommand(Commands.java:308) ~[?:?]
	at net.minecraft.server.network.ServerGamePacketListenerImpl.performChatCommand(ServerGamePacketListenerImpl.java:2354) ~[?:?]
	at net.minecraft.server.network.ServerGamePacketListenerImpl.lambda$handleChatCommand$21(ServerGamePacketListenerImpl.java:2314) ~[?:?]
	at net.minecraft.util.thread.BlockableEventLoop.lambda$submitAsync$0(BlockableEventLoop.java:59) ~[?:?]
	at java.util.concurrent.CompletableFuture$AsyncSupply.run(CompletableFuture.java:1768) ~[?:?]
	at net.minecraft.server.TickTask.run(TickTask.java:18) ~[paper-1.20.1.jar:git-Paper-196]
	at net.minecraft.util.thread.BlockableEventLoop.doRunTask(BlockableEventLoop.java:153) ~[?:?]
	at net.minecraft.util.thread.ReentrantBlockableEventLoop.doRunTask(ReentrantBlockableEventLoop.java:24) ~[?:?]
	at net.minecraft.server.MinecraftServer.doRunTask(MinecraftServer.java:1338) ~[paper-1.20.1.jar:git-Paper-196]
	at net.minecraft.server.MinecraftServer.d(MinecraftServer.java:197) ~[paper-1.20.1.jar:git-Paper-196]
	at net.minecraft.util.thread.BlockableEventLoop.pollTask(BlockableEventLoop.java:126) ~[?:?]
	at net.minecraft.server.MinecraftServer.pollTaskInternal(MinecraftServer.java:1315) ~[paper-1.20.1.jar:git-Paper-196]
	at net.minecraft.server.MinecraftServer.pollTask(MinecraftServer.java:1308) ~[paper-1.20.1.jar:git-Paper-196]
	at net.minecraft.util.thread.BlockableEventLoop.managedBlock(BlockableEventLoop.java:136) ~[?:?]
	at net.minecraft.server.MinecraftServer.waitUntilNextTick(MinecraftServer.java:1286) ~[paper-1.20.1.jar:git-Paper-196]
	at net.minecraft.server.MinecraftServer.runServer(MinecraftServer.java:1174) ~[paper-1.20.1.jar:git-Paper-196]
	at net.minecraft.server.MinecraftServer.lambda$spin$0(MinecraftServer.java:317) ~[paper-1.20.1.jar:git-Paper-196]
	at java.lang.Thread.run(Thread.java:840) ~[?:?]
[20:51:03] [Server thread/INFO]: [SpigotLibraryLoader] [xaero-map-spigot] Loading 1 libraries... please wait
[20:51:03] [Server thread/INFO]: [SpigotLibraryLoader] [xaero-map-spigot] Loaded library /workspaces/CP2234/servidor_minecraft/libraries/org/bstats/bstats-bukkit/3.0.0/bstats-bukkit-3.0.0.jar
[20:51:03] [Server thread/INFO]: [SpigotLibraryLoader] [xaero-map-spigot] Loaded library /workspaces/CP2234/servidor_minecraft/libraries/org/bstats/bstats-base/3.0.0/bstats-base-3.0.0.jar
[20:51:03] [Server thread/INFO]: [xaero-map-spigot] Loading server plugin xaero-map-spigot v1.0.0
[20:51:03] [Server thread/INFO]: Server permissions file permissions.yml is empty, ignoring it
[20:51:03] [Server thread/INFO]: [xaero-map-spigot] Enabling xaero-map-spigot v1.0.0
[20:51:03] [Server thread/INFO]: Thecno662: Reload complete.
[20:51:03] [Server thread/INFO]: Timings Reset
[20:51:06] [Async Chat Thread - #4/INFO]: [Not Secure] <Thecno662> hola
[20:51:13] [Server thread/INFO]: Thecno662 issued server command: /team join Admin
[20:51:13] [Server thread/INFO]: [[Staff] Thecno662: Added Thecno662 to team [Admin]]
[20:51:16] [Async Chat Thread - #5/INFO]: [Not Secure] <Thecno662> hola
[20:51:32] [Server thread/INFO]: Thecno662 issued server command: /team modify Admin displayName
[20:51:43] [Server thread/INFO]: Thecno662 issued server command: /team modify Admin displayName true
[20:51:43] [Server thread/INFO]: [[Staff] Thecno662: Updated the name of team [true]]
[20:51:51] [Server thread/INFO]: Thecno662 issued server command: /team modify Admin prefix {"text":"[Admin] ","color":"dark_red"}
[20:51:55] [Async Chat Thread - #4/INFO]: [Not Secure] <Thecno662> hola
[20:52:06] [Server thread/INFO]: Thecno662 issued server command: /team modify Admin nametagVisibility always
[20:52:09] [Async Chat Thread - #5/INFO]: [Not Secure] <Thecno662> A
[20:52:26] [Server thread/INFO]: Thecno662 issued server command: /team modify Admin nametagVisibility always
[20:52:39] [Server thread/INFO]: Thecno662 issued server command: /team join Peruvians R
[20:52:39] [Server thread/INFO]: [[Admin] Thecno662: Added R to team [Peruvians]]
[20:52:53] [Server thread/INFO]: Thecno662 issued server command: /team join Peruvians Rumo_fr3
[20:52:53] [Server thread/INFO]: [[Admin] Thecno662: Added Rumo_fr3 to team [Peruvians]]
[20:56:49] [Server thread/INFO]: Thecno662 lost connection: Disconnected
[20:56:49] [Server thread/INFO]: [Admin] Thecno662 left the game
[20:57:52] [User Authenticator #1/INFO]: UUID of player Thecno662 is 51c6605e-fef0-332c-b142-018c70039a3e
[20:57:52] [Server thread/INFO]: [Admin] Thecno662 joined the game
[20:57:52] [Server thread/INFO]: Thecno662[/127.164.105.21:36783] logged in with entity id 2429 at ([world]-9.097669648283425, 64.0, 6.88218891031388)
[20:58:51] [Server thread/INFO]: Thecno662 issued server command: /time set day
[20:58:51] [Server thread/INFO]: [[Admin] Thecno662: Set the time to 1000]
